<?xml version="1.0" encoding="UTF-8"?>
<testng-results skipped="0" failed="0" ignored="0" total="1" passed="1">
  <reporter-output>
  </reporter-output>
  <suite name="Default suite" duration-ms="38214" started-at="2018-03-15T07:17:33Z" finished-at="2018-03-15T07:18:11Z">
    <groups>
    </groups>
    <test name="Default test" duration-ms="38214" started-at="2018-03-15T07:17:33Z" finished-at="2018-03-15T07:18:11Z">
      <class name="com.pages.test_execution">
        <test-method status="PASS" signature="setup()[pri:0, instance:com.pages.test_execution@4d95d2a2]" name="setup" is-config="true" duration-ms="21680" started-at="2018-03-15T07:17:33Z" finished-at="2018-03-15T07:17:55Z">
          <reporter-output>
          </reporter-output>
        </test-method> <!-- setup -->
        <test-method status="PASS" signature="select_feeds()[pri:0, instance:com.pages.test_execution@4d95d2a2]" name="select_feeds" duration-ms="11364" started-at="2018-03-15T07:17:55Z" finished-at="2018-03-15T07:18:06Z">
          <reporter-output>
          </reporter-output>
        </test-method> <!-- select_feeds -->
        <test-method status="PASS" signature="close_browser()[pri:0, instance:com.pages.test_execution@4d95d2a2]" name="close_browser" is-config="true" duration-ms="5127" started-at="2018-03-15T07:18:06Z" finished-at="2018-03-15T07:18:11Z">
          <reporter-output>
          </reporter-output>
        </test-method> <!-- close_browser -->
      </class> <!-- com.pages.test_execution -->
    </test> <!-- Default test -->
  </suite> <!-- Default suite -->
</testng-results>
